Flow report for VGA_top_level
Tue Feb 23 18:31:46 2010
Quartus II Version 9.1 Build 222 10/21/2009 SJ Web Edition


---------------------
; Table of Contents ;
---------------------
  1. Legal Notice
  2. Flow Summary
  3. Flow Settings
  4. Flow Non-Default Global Settings
  5. Flow Elapsed Time
  6. Flow OS Summary
  7. Flow Log



----------------
; Legal Notice ;
----------------
Copyright (C) 1991-2009 Altera Corporation
Your use of Altera Corporation's design tools, logic functions 
and other software and tools, and its AMPP partner logic 
functions, and any output files from any of the foregoing 
(including device programming or simulation files), and any 
associated documentation or information are expressly subject 
to the terms and conditions of the Altera Program License 
Subscription Agreement, Altera MegaCore Function License 
Agreement, or other applicable license agreement, including, 
without limitation, that your use is for the sole purpose of 
programming logic devices manufactured by Altera and sold by 
Altera or its authorized distributors.  Please refer to the 
applicable agreement for further details.



+------------------------------------------------------------------------------+
; Flow Summary                                                                 ;
+------------------------------------+-----------------------------------------+
; Flow Status                        ; Successful - Tue Feb 23 18:31:46 2010   ;
; Quartus II Version                 ; 9.1 Build 222 10/21/2009 SJ Web Edition ;
; Revision Name                      ; VGA_top_level                           ;
; Top-level Entity Name              ; VGA_top_level                           ;
; Family                             ; Cyclone II                              ;
; Device                             ; EP2C35F672C6                            ;
; Timing Models                      ; Final                                   ;
; Met timing requirements            ; Yes                                     ;
; Total logic elements               ; 59 / 33,216 ( < 1 % )                   ;
;     Total combinational functions  ; 49 / 33,216 ( < 1 % )                   ;
;     Dedicated logic registers      ; 38 / 33,216 ( < 1 % )                   ;
; Total registers                    ; 38                                      ;
; Total pins                         ; 36 / 475 ( 8 % )                        ;
; Total virtual pins                 ; 0                                       ;
; Total memory bits                  ; 120 / 483,840 ( < 1 % )                 ;
; Embedded Multiplier 9-bit elements ; 0 / 70 ( 0 % )                          ;
; Total PLLs                         ; 0 / 4 ( 0 % )                           ;
+------------------------------------+-----------------------------------------+


+-----------------------------------------+
; Flow Settings                           ;
+-------------------+---------------------+
; Option            ; Setting             ;
+-------------------+---------------------+
; Start date & time ; 02/23/2010 18:31:24 ;
; Main task         ; Compilation         ;
; Revision Name     ; VGA_top_level       ;
+-------------------+---------------------+


+-------------------------------------------------------------------------------------------------------------------------------------------------------------------+
; Flow Non-Default Global Settings                                                                                                                                  ;
+------------------------------------+-------------------------------------------------------------------------------+---------------+-------------+----------------+
; Assignment Name                    ; Value                                                                         ; Default Value ; Entity Name ; Section Id     ;
+------------------------------------+-------------------------------------------------------------------------------+---------------+-------------+----------------+
; COMPILER_SIGNATURE_ID              ; 114367574301.126697148403956                                                  ; --            ; --          ; --             ;
; MAX_CORE_JUNCTION_TEMP             ; 85                                                                            ; --            ; --          ; --             ;
; MIN_CORE_JUNCTION_TEMP             ; 0                                                                             ; --            ; --          ; --             ;
; MISC_FILE                          ; C:/Documents and Settings/ece-lab3/Desktop/Mini_project_vga/VGA_top_level.dpf ; --            ; --          ; --             ;
; PARTITION_COLOR                    ; 16764057                                                                      ; --            ; --          ; Top            ;
; PARTITION_NETLIST_TYPE             ; SOURCE                                                                        ; --            ; --          ; Top            ;
; USE_GENERATED_PHYSICAL_CONSTRAINTS ; Off                                                                           ; --            ; --          ; eda_blast_fpga ;
+------------------------------------+-------------------------------------------------------------------------------+---------------+-------------+----------------+


+-----------------------------------------------------------------------------------------------------------------------------+
; Flow Elapsed Time                                                                                                           ;
+-------------------------+--------------+-------------------------+---------------------+------------------------------------+
; Module Name             ; Elapsed Time ; Average Processors Used ; Peak Virtual Memory ; Total CPU Time (on all processors) ;
+-------------------------+--------------+-------------------------+---------------------+------------------------------------+
; Analysis & Synthesis    ; 00:00:02     ; 1.0                     ; 198 MB              ; 00:00:03                           ;
; Fitter                  ; 00:00:11     ; 1.0                     ; 228 MB              ; 00:00:09                           ;
; Assembler               ; 00:00:04     ; 1.0                     ; 213 MB              ; 00:00:03                           ;
; Classic Timing Analyzer ; 00:00:01     ; 1.0                     ; 118 MB              ; 00:00:01                           ;
; Total                   ; 00:00:18     ; --                      ; --                  ; 00:00:16                           ;
+-------------------------+--------------+-------------------------+---------------------+------------------------------------+


+---------------------------------------------------------------------------------------+
; Flow OS Summary                                                                       ;
+-------------------------+------------------+------------+------------+----------------+
; Module Name             ; Machine Hostname ; OS Name    ; OS Version ; Processor type ;
+-------------------------+------------------+------------+------------+----------------+
; Analysis & Synthesis    ; CG50-07          ; Windows XP ; 5.1        ; i686           ;
; Fitter                  ; CG50-07          ; Windows XP ; 5.1        ; i686           ;
; Assembler               ; CG50-07          ; Windows XP ; 5.1        ; i686           ;
; Classic Timing Analyzer ; CG50-07          ; Windows XP ; 5.1        ; i686           ;
+-------------------------+------------------+------------+------------+----------------+


------------
; Flow Log ;
------------
quartus_map --read_settings_files=on --write_settings_files=off VGA_top_level -c VGA_top_level
quartus_fit --read_settings_files=off --write_settings_files=off VGA_top_level -c VGA_top_level
quartus_asm --read_settings_files=off --write_settings_files=off VGA_top_level -c VGA_top_level
quartus_tan --read_settings_files=off --write_settings_files=off VGA_top_level -c VGA_top_level --timing_analysis_only



